{"level":"info","message":"Running cron job for processing recurring finances","timestamp":"2024-10-08T18:28:00.652Z"}
{"level":"info","message":"Processed recurring finance for userId: cm1yo7f340000ooquksxb8x1n, amount: 50","timestamp":"2024-10-08T18:28:00.787Z"}
{"level":"info","message":"Processed recurring finance for userId: cm1yo7f340000ooquksxb8x1n, amount: 300","timestamp":"2024-10-08T18:28:00.797Z"}
{"level":"info","message":"Processed recurring finance for userId: cm1yo7f340000ooquksxb8x1n, amount: 15","timestamp":"2024-10-08T18:28:00.808Z"}
{"level":"info","message":"Processed recurring finance for userId: cm1yonp1y0001ooquicuqw192, amount: 900","timestamp":"2024-10-08T18:28:00.830Z"}
{"level":"info","message":"Processed recurring finance for userId: cm1yonp1y0001ooquicuqw192, amount: 500","timestamp":"2024-10-08T18:28:00.846Z"}
{"level":"info","message":"Processed recurring finance for userId: cm1yoocg10002ooquqfx8cjda, amount: 800","timestamp":"2024-10-08T18:28:00.863Z"}
{"level":"info","message":"Processed recurring finance for userId: cm20q6ilr000012o3e3qo8an8, amount: 346.95","timestamp":"2024-10-08T18:28:00.883Z"}
{"level":"info","message":"Processed recurring finance for userId: cm20q6ilr000012o3e3qo8an8, amount: 581.68","timestamp":"2024-10-08T18:28:00.919Z"}
{"level":"info","message":"Processed recurring finance for userId: cm20q6ilr000012o3e3qo8an8, amount: 1141.16","timestamp":"2024-10-08T18:28:00.949Z"}
{"level":"info","message":"Processed recurring finance for userId: cm20q6ilr000012o3e3qo8an8, amount: 1133.29","timestamp":"2024-10-08T18:28:00.978Z"}
{"level":"info","message":"Processed recurring finance for userId: cm20q6ilr000012o3e3qo8an8, amount: 2234","timestamp":"2024-10-08T18:28:00.998Z"}
{"level":"info","message":"Processed recurring finance for userId: cm20q6ilr000012o3e3qo8an8, amount: 1736.2","timestamp":"2024-10-08T18:28:01.014Z"}
{"level":"info","message":"Processed recurring finance for userId: cm20q6ilr000012o3e3qo8an8, amount: 903.04","timestamp":"2024-10-08T18:28:01.039Z"}
{"level":"info","message":"Processed recurring finance for userId: cm20q6ilr000012o3e3qo8an8, amount: 856.73","timestamp":"2024-10-08T18:28:01.069Z"}
{"level":"info","message":"Processed recurring finance for userId: cm20q6ilr000012o3e3qo8an8, amount: 1325.92","timestamp":"2024-10-08T18:28:01.086Z"}
{"level":"info","message":"Processed recurring finance for userId: cm20q6ilr000012o3e3qo8an8, amount: 523.17","timestamp":"2024-10-08T18:28:01.107Z"}
{"level":"info","message":"Processed recurring finance for userId: cm20q6ilr000012o3e3qo8an8, amount: 788.39","timestamp":"2024-10-08T18:28:01.148Z"}
{"level":"info","message":"Processed recurring finance for userId: cm20q6ilr000012o3e3qo8an8, amount: 803.97","timestamp":"2024-10-08T18:28:01.164Z"}
{"level":"info","message":"Processed recurring finance for userId: cm20q6ilr000012o3e3qo8an8, amount: 1879.19","timestamp":"2024-10-08T18:28:01.214Z"}
{"level":"info","message":"Processed recurring finance for userId: cm20q6ilr000012o3e3qo8an8, amount: 1445.09","timestamp":"2024-10-08T18:28:01.235Z"}
{"level":"info","message":"Processed recurring finance for userId: cm20q6ilr000012o3e3qo8an8, amount: 855.46","timestamp":"2024-10-08T18:28:01.253Z"}
{"level":"info","message":"Processed recurring finance for userId: cm20q6ilr000012o3e3qo8an8, amount: 1281.69","timestamp":"2024-10-08T18:28:01.287Z"}
{"level":"info","message":"Processed recurring finance for userId: cm20q6ilr000012o3e3qo8an8, amount: 2411.38","timestamp":"2024-10-08T18:28:01.306Z"}
{"level":"info","message":"Processed recurring finance for userId: cm20q6ilr000012o3e3qo8an8, amount: 2802.17","timestamp":"2024-10-08T18:28:01.343Z"}
{"level":"info","message":"Processed recurring finance for userId: cm20q6ilr000012o3e3qo8an8, amount: 1808.85","timestamp":"2024-10-08T18:28:01.369Z"}
{"level":"info","message":"Processed recurring finance for userId: cm20q6ilr000012o3e3qo8an8, amount: 1762.15","timestamp":"2024-10-08T18:28:01.392Z"}
{"level":"info","message":"Processed recurring finance for userId: cm20q6ilr000012o3e3qo8an8, amount: 2188.25","timestamp":"2024-10-08T18:28:01.435Z"}
{"level":"info","message":"Processed recurring finance for userId: cm20q6ilr000012o3e3qo8an8, amount: 507.25","timestamp":"2024-10-08T18:28:01.458Z"}
{"level":"info","message":"Processed recurring finance for userId: cm20q6ilr000012o3e3qo8an8, amount: 1584.02","timestamp":"2024-10-08T18:28:01.479Z"}
{"level":"info","message":"Processed recurring finance for userId: cm20q6ilr000012o3e3qo8an8, amount: 767.92","timestamp":"2024-10-08T18:28:01.506Z"}
{"level":"info","message":"Processed recurring finance for userId: cm20q6ilr000012o3e3qo8an8, amount: 2920.48","timestamp":"2024-10-08T18:28:01.523Z"}
{"level":"info","message":"Processed recurring finance for userId: cm20q6ilr000012o3e3qo8an8, amount: 2650.2","timestamp":"2024-10-08T18:28:01.546Z"}
{"level":"info","message":"Processed recurring finance for userId: cm20q6ilr000012o3e3qo8an8, amount: 1510.56","timestamp":"2024-10-08T18:28:01.632Z"}
{"level":"info","message":"Processed recurring finance for userId: cm20q6ilr000012o3e3qo8an8, amount: 1081.64","timestamp":"2024-10-08T18:28:01.684Z"}
{"level":"info","message":"Processed recurring finance for userId: cm20q6ilr000012o3e3qo8an8, amount: 478.91","timestamp":"2024-10-08T18:28:01.760Z"}
{"level":"info","message":"Processed recurring finance for userId: cm20q6ilr000012o3e3qo8an8, amount: 1130.01","timestamp":"2024-10-08T18:28:01.791Z"}
{"level":"info","message":"Processed recurring finance for userId: cm20q6ilr000012o3e3qo8an8, amount: 721.54","timestamp":"2024-10-08T18:28:01.813Z"}
{"level":"info","message":"Processed recurring finance for userId: cm20q6ilr000012o3e3qo8an8, amount: 874.17","timestamp":"2024-10-08T18:28:01.826Z"}
{"level":"info","message":"Processed recurring finance for userId: cm20q6ilr000012o3e3qo8an8, amount: 2646.87","timestamp":"2024-10-08T18:28:01.846Z"}
{"level":"info","message":"Processed recurring finance for userId: cm20q6ilr000012o3e3qo8an8, amount: 251.58","timestamp":"2024-10-08T18:28:01.864Z"}
{"level":"info","message":"Processed recurring finance for userId: cm20q6ilr000012o3e3qo8an8, amount: 1581.34","timestamp":"2024-10-08T18:28:01.879Z"}
{"level":"info","message":"Processed recurring finance for userId: cm20q6ilr000012o3e3qo8an8, amount: 1067.83","timestamp":"2024-10-08T18:28:01.893Z"}
{"level":"info","message":"Processed recurring finance for userId: cm20q6ilr000012o3e3qo8an8, amount: 888.92","timestamp":"2024-10-08T18:28:01.905Z"}
{"level":"info","message":"Processed recurring finance for userId: cm20q6ilr000012o3e3qo8an8, amount: 1502.5","timestamp":"2024-10-08T18:28:01.919Z"}
{"level":"info","message":"Processed recurring finance for userId: cm20q6ilr000012o3e3qo8an8, amount: 920.99","timestamp":"2024-10-08T18:28:01.935Z"}
{"level":"info","message":"Processed recurring finance for userId: cm20q6ilr000012o3e3qo8an8, amount: 1352.67","timestamp":"2024-10-08T18:28:01.953Z"}
{"level":"info","message":"All recurring finances processed successfully","timestamp":"2024-10-08T18:28:01.957Z"}
{"level":"info","message":"Running cron job for processing recurring finances","timestamp":"2024-10-08T18:29:00.417Z"}
{"level":"info","message":"Processed recurring finance for userId: cm1yo7f340000ooquksxb8x1n, amount: 50","timestamp":"2024-10-08T18:29:00.440Z"}
{"level":"info","message":"Processed recurring finance for userId: cm1yo7f340000ooquksxb8x1n, amount: 300","timestamp":"2024-10-08T18:29:00.454Z"}
{"level":"info","message":"Processed recurring finance for userId: cm1yo7f340000ooquksxb8x1n, amount: 15","timestamp":"2024-10-08T18:29:00.463Z"}
{"level":"info","message":"Processed recurring finance for userId: cm1yonp1y0001ooquicuqw192, amount: 900","timestamp":"2024-10-08T18:29:00.475Z"}
{"level":"info","message":"Processed recurring finance for userId: cm1yonp1y0001ooquicuqw192, amount: 500","timestamp":"2024-10-08T18:29:00.489Z"}
{"level":"info","message":"Processed recurring finance for userId: cm1yoocg10002ooquqfx8cjda, amount: 800","timestamp":"2024-10-08T18:29:00.512Z"}
{"level":"info","message":"Processed recurring finance for userId: cm20q6ilr000012o3e3qo8an8, amount: 346.95","timestamp":"2024-10-08T18:29:00.523Z"}
{"level":"info","message":"Processed recurring finance for userId: cm20q6ilr000012o3e3qo8an8, amount: 581.68","timestamp":"2024-10-08T18:29:00.544Z"}
{"level":"info","message":"Processed recurring finance for userId: cm20q6ilr000012o3e3qo8an8, amount: 1141.16","timestamp":"2024-10-08T18:29:00.575Z"}
{"level":"info","message":"Processed recurring finance for userId: cm20q6ilr000012o3e3qo8an8, amount: 1133.29","timestamp":"2024-10-08T18:29:00.601Z"}
{"level":"info","message":"Processed recurring finance for userId: cm20q6ilr000012o3e3qo8an8, amount: 2234","timestamp":"2024-10-08T18:29:00.612Z"}
{"level":"info","message":"Processed recurring finance for userId: cm20q6ilr000012o3e3qo8an8, amount: 1736.2","timestamp":"2024-10-08T18:29:00.630Z"}
{"level":"info","message":"Processed recurring finance for userId: cm20q6ilr000012o3e3qo8an8, amount: 903.04","timestamp":"2024-10-08T18:29:00.646Z"}
{"level":"info","message":"Processed recurring finance for userId: cm20q6ilr000012o3e3qo8an8, amount: 856.73","timestamp":"2024-10-08T18:29:00.670Z"}
{"level":"info","message":"Processed recurring finance for userId: cm20q6ilr000012o3e3qo8an8, amount: 1325.92","timestamp":"2024-10-08T18:29:00.702Z"}
{"level":"info","message":"Processed recurring finance for userId: cm20q6ilr000012o3e3qo8an8, amount: 523.17","timestamp":"2024-10-08T18:29:00.715Z"}
{"level":"info","message":"Processed recurring finance for userId: cm20q6ilr000012o3e3qo8an8, amount: 788.39","timestamp":"2024-10-08T18:29:00.732Z"}
{"level":"info","message":"Processed recurring finance for userId: cm20q6ilr000012o3e3qo8an8, amount: 803.97","timestamp":"2024-10-08T18:29:00.748Z"}
{"level":"info","message":"Processed recurring finance for userId: cm20q6ilr000012o3e3qo8an8, amount: 1879.19","timestamp":"2024-10-08T18:29:00.770Z"}
{"level":"info","message":"Processed recurring finance for userId: cm20q6ilr000012o3e3qo8an8, amount: 1445.09","timestamp":"2024-10-08T18:29:00.789Z"}
{"level":"info","message":"Processed recurring finance for userId: cm20q6ilr000012o3e3qo8an8, amount: 855.46","timestamp":"2024-10-08T18:29:00.835Z"}
{"level":"info","message":"Processed recurring finance for userId: cm20q6ilr000012o3e3qo8an8, amount: 1281.69","timestamp":"2024-10-08T18:29:00.859Z"}
{"level":"info","message":"Processed recurring finance for userId: cm20q6ilr000012o3e3qo8an8, amount: 2411.38","timestamp":"2024-10-08T18:29:00.900Z"}
{"level":"info","message":"Processed recurring finance for userId: cm20q6ilr000012o3e3qo8an8, amount: 2802.17","timestamp":"2024-10-08T18:29:00.917Z"}
{"level":"info","message":"Processed recurring finance for userId: cm20q6ilr000012o3e3qo8an8, amount: 1808.85","timestamp":"2024-10-08T18:29:00.938Z"}
{"level":"info","message":"Processed recurring finance for userId: cm20q6ilr000012o3e3qo8an8, amount: 1762.15","timestamp":"2024-10-08T18:29:00.958Z"}
{"level":"info","message":"Processed recurring finance for userId: cm20q6ilr000012o3e3qo8an8, amount: 2188.25","timestamp":"2024-10-08T18:29:00.973Z"}
{"level":"info","message":"Processed recurring finance for userId: cm20q6ilr000012o3e3qo8an8, amount: 507.25","timestamp":"2024-10-08T18:29:00.990Z"}
{"level":"info","message":"Processed recurring finance for userId: cm20q6ilr000012o3e3qo8an8, amount: 1584.02","timestamp":"2024-10-08T18:29:01.019Z"}
{"level":"info","message":"Processed recurring finance for userId: cm20q6ilr000012o3e3qo8an8, amount: 767.92","timestamp":"2024-10-08T18:29:01.050Z"}
{"level":"info","message":"Processed recurring finance for userId: cm20q6ilr000012o3e3qo8an8, amount: 2920.48","timestamp":"2024-10-08T18:29:01.065Z"}
{"level":"info","message":"Processed recurring finance for userId: cm20q6ilr000012o3e3qo8an8, amount: 2650.2","timestamp":"2024-10-08T18:29:01.090Z"}
{"level":"info","message":"Processed recurring finance for userId: cm20q6ilr000012o3e3qo8an8, amount: 1510.56","timestamp":"2024-10-08T18:29:01.103Z"}
{"level":"info","message":"Processed recurring finance for userId: cm20q6ilr000012o3e3qo8an8, amount: 1081.64","timestamp":"2024-10-08T18:29:01.137Z"}
{"level":"info","message":"Processed recurring finance for userId: cm20q6ilr000012o3e3qo8an8, amount: 478.91","timestamp":"2024-10-08T18:29:01.156Z"}
{"level":"info","message":"Processed recurring finance for userId: cm20q6ilr000012o3e3qo8an8, amount: 1130.01","timestamp":"2024-10-08T18:29:01.175Z"}
{"level":"info","message":"Processed recurring finance for userId: cm20q6ilr000012o3e3qo8an8, amount: 721.54","timestamp":"2024-10-08T18:29:01.188Z"}
{"level":"info","message":"Processed recurring finance for userId: cm20q6ilr000012o3e3qo8an8, amount: 874.17","timestamp":"2024-10-08T18:29:01.221Z"}
{"level":"info","message":"Processed recurring finance for userId: cm20q6ilr000012o3e3qo8an8, amount: 2646.87","timestamp":"2024-10-08T18:29:01.232Z"}
{"level":"info","message":"Processed recurring finance for userId: cm20q6ilr000012o3e3qo8an8, amount: 251.58","timestamp":"2024-10-08T18:29:01.243Z"}
{"level":"info","message":"Processed recurring finance for userId: cm20q6ilr000012o3e3qo8an8, amount: 1581.34","timestamp":"2024-10-08T18:29:01.260Z"}
{"level":"info","message":"Processed recurring finance for userId: cm20q6ilr000012o3e3qo8an8, amount: 1067.83","timestamp":"2024-10-08T18:29:01.271Z"}
{"level":"info","message":"Processed recurring finance for userId: cm20q6ilr000012o3e3qo8an8, amount: 888.92","timestamp":"2024-10-08T18:29:01.289Z"}
{"level":"info","message":"Processed recurring finance for userId: cm20q6ilr000012o3e3qo8an8, amount: 1502.5","timestamp":"2024-10-08T18:29:01.312Z"}
{"level":"info","message":"Processed recurring finance for userId: cm20q6ilr000012o3e3qo8an8, amount: 920.99","timestamp":"2024-10-08T18:29:01.326Z"}
{"level":"info","message":"Processed recurring finance for userId: cm20q6ilr000012o3e3qo8an8, amount: 1352.67","timestamp":"2024-10-08T18:29:01.341Z"}
{"level":"info","message":"Processed recurring finance for userId: cm1yo7f340000ooquksxb8x1n, amount: 50","timestamp":"2024-10-08T18:29:01.358Z"}
{"level":"info","message":"Processed recurring finance for userId: cm1yo7f340000ooquksxb8x1n, amount: 300","timestamp":"2024-10-08T18:29:01.373Z"}
{"level":"info","message":"Processed recurring finance for userId: cm1yo7f340000ooquksxb8x1n, amount: 15","timestamp":"2024-10-08T18:29:01.387Z"}
{"level":"info","message":"Processed recurring finance for userId: cm1yonp1y0001ooquicuqw192, amount: 900","timestamp":"2024-10-08T18:29:01.409Z"}
{"level":"info","message":"Processed recurring finance for userId: cm1yonp1y0001ooquicuqw192, amount: 500","timestamp":"2024-10-08T18:29:01.432Z"}
{"level":"info","message":"Processed recurring finance for userId: cm1yoocg10002ooquqfx8cjda, amount: 800","timestamp":"2024-10-08T18:29:01.459Z"}
{"level":"info","message":"Processed recurring finance for userId: cm20q6ilr000012o3e3qo8an8, amount: 346.95","timestamp":"2024-10-08T18:29:01.489Z"}
{"level":"info","message":"Processed recurring finance for userId: cm20q6ilr000012o3e3qo8an8, amount: 581.68","timestamp":"2024-10-08T18:29:01.513Z"}
{"level":"info","message":"Processed recurring finance for userId: cm20q6ilr000012o3e3qo8an8, amount: 1141.16","timestamp":"2024-10-08T18:29:01.525Z"}
{"level":"info","message":"Processed recurring finance for userId: cm20q6ilr000012o3e3qo8an8, amount: 1133.29","timestamp":"2024-10-08T18:29:01.539Z"}
{"level":"info","message":"Processed recurring finance for userId: cm20q6ilr000012o3e3qo8an8, amount: 2234","timestamp":"2024-10-08T18:29:01.552Z"}
{"level":"info","message":"Processed recurring finance for userId: cm20q6ilr000012o3e3qo8an8, amount: 1736.2","timestamp":"2024-10-08T18:29:01.574Z"}
{"level":"info","message":"Processed recurring finance for userId: cm20q6ilr000012o3e3qo8an8, amount: 903.04","timestamp":"2024-10-08T18:29:01.587Z"}
{"level":"info","message":"Processed recurring finance for userId: cm20q6ilr000012o3e3qo8an8, amount: 856.73","timestamp":"2024-10-08T18:29:01.603Z"}
{"level":"info","message":"Processed recurring finance for userId: cm20q6ilr000012o3e3qo8an8, amount: 1325.92","timestamp":"2024-10-08T18:29:01.622Z"}
{"level":"info","message":"Processed recurring finance for userId: cm20q6ilr000012o3e3qo8an8, amount: 523.17","timestamp":"2024-10-08T18:29:01.639Z"}
{"level":"info","message":"Processed recurring finance for userId: cm20q6ilr000012o3e3qo8an8, amount: 788.39","timestamp":"2024-10-08T18:29:01.652Z"}
{"level":"info","message":"Processed recurring finance for userId: cm20q6ilr000012o3e3qo8an8, amount: 803.97","timestamp":"2024-10-08T18:29:01.666Z"}
{"level":"info","message":"Processed recurring finance for userId: cm20q6ilr000012o3e3qo8an8, amount: 1879.19","timestamp":"2024-10-08T18:29:01.677Z"}
{"level":"info","message":"Processed recurring finance for userId: cm20q6ilr000012o3e3qo8an8, amount: 1445.09","timestamp":"2024-10-08T18:29:01.692Z"}
{"level":"info","message":"Processed recurring finance for userId: cm20q6ilr000012o3e3qo8an8, amount: 855.46","timestamp":"2024-10-08T18:29:01.702Z"}
{"level":"info","message":"Processed recurring finance for userId: cm20q6ilr000012o3e3qo8an8, amount: 1281.69","timestamp":"2024-10-08T18:29:01.715Z"}
{"level":"info","message":"Processed recurring finance for userId: cm20q6ilr000012o3e3qo8an8, amount: 2411.38","timestamp":"2024-10-08T18:29:01.725Z"}
{"level":"info","message":"Processed recurring finance for userId: cm20q6ilr000012o3e3qo8an8, amount: 2802.17","timestamp":"2024-10-08T18:29:01.740Z"}
{"level":"info","message":"Processed recurring finance for userId: cm20q6ilr000012o3e3qo8an8, amount: 1808.85","timestamp":"2024-10-08T18:29:01.755Z"}
{"level":"info","message":"Processed recurring finance for userId: cm20q6ilr000012o3e3qo8an8, amount: 1762.15","timestamp":"2024-10-08T18:29:01.767Z"}
{"level":"info","message":"Processed recurring finance for userId: cm20q6ilr000012o3e3qo8an8, amount: 2188.25","timestamp":"2024-10-08T18:29:01.778Z"}
{"level":"info","message":"Processed recurring finance for userId: cm20q6ilr000012o3e3qo8an8, amount: 507.25","timestamp":"2024-10-08T18:29:01.792Z"}
{"level":"info","message":"Processed recurring finance for userId: cm20q6ilr000012o3e3qo8an8, amount: 1584.02","timestamp":"2024-10-08T18:29:01.806Z"}
{"level":"info","message":"Processed recurring finance for userId: cm20q6ilr000012o3e3qo8an8, amount: 767.92","timestamp":"2024-10-08T18:29:01.820Z"}
{"level":"info","message":"Processed recurring finance for userId: cm20q6ilr000012o3e3qo8an8, amount: 2920.48","timestamp":"2024-10-08T18:29:01.832Z"}
{"level":"info","message":"Processed recurring finance for userId: cm20q6ilr000012o3e3qo8an8, amount: 2650.2","timestamp":"2024-10-08T18:29:01.853Z"}
{"level":"info","message":"Processed recurring finance for userId: cm20q6ilr000012o3e3qo8an8, amount: 1510.56","timestamp":"2024-10-08T18:29:01.863Z"}
{"level":"info","message":"Processed recurring finance for userId: cm20q6ilr000012o3e3qo8an8, amount: 1081.64","timestamp":"2024-10-08T18:29:01.874Z"}
{"level":"info","message":"Processed recurring finance for userId: cm20q6ilr000012o3e3qo8an8, amount: 478.91","timestamp":"2024-10-08T18:29:01.886Z"}
{"level":"info","message":"Processed recurring finance for userId: cm20q6ilr000012o3e3qo8an8, amount: 1130.01","timestamp":"2024-10-08T18:29:01.897Z"}
{"level":"info","message":"Processed recurring finance for userId: cm20q6ilr000012o3e3qo8an8, amount: 721.54","timestamp":"2024-10-08T18:29:01.945Z"}
{"level":"info","message":"Processed recurring finance for userId: cm20q6ilr000012o3e3qo8an8, amount: 874.17","timestamp":"2024-10-08T18:29:01.980Z"}
{"level":"info","message":"Processed recurring finance for userId: cm20q6ilr000012o3e3qo8an8, amount: 2646.87","timestamp":"2024-10-08T18:29:02.025Z"}
{"level":"info","message":"Processed recurring finance for userId: cm20q6ilr000012o3e3qo8an8, amount: 251.58","timestamp":"2024-10-08T18:29:02.156Z"}
{"level":"info","message":"Processed recurring finance for userId: cm20q6ilr000012o3e3qo8an8, amount: 1581.34","timestamp":"2024-10-08T18:29:02.284Z"}
{"level":"info","message":"Processed recurring finance for userId: cm20q6ilr000012o3e3qo8an8, amount: 1067.83","timestamp":"2024-10-08T18:29:02.397Z"}
{"level":"info","message":"Processed recurring finance for userId: cm20q6ilr000012o3e3qo8an8, amount: 888.92","timestamp":"2024-10-08T18:29:02.432Z"}
{"level":"info","message":"Processed recurring finance for userId: cm20q6ilr000012o3e3qo8an8, amount: 1502.5","timestamp":"2024-10-08T18:29:02.530Z"}
{"level":"info","message":"Processed recurring finance for userId: cm20q6ilr000012o3e3qo8an8, amount: 920.99","timestamp":"2024-10-08T18:29:02.569Z"}
{"level":"info","message":"Processed recurring finance for userId: cm20q6ilr000012o3e3qo8an8, amount: 1352.67","timestamp":"2024-10-08T18:29:02.587Z"}
{"level":"info","message":"All recurring finances processed successfully","timestamp":"2024-10-08T18:29:02.599Z"}
{"level":"info","message":"Running cron job for processing recurring finances","timestamp":"2024-10-08T18:30:00.425Z"}
{"level":"info","message":"Processed recurring finance for userId: cm1yo7f340000ooquksxb8x1n, amount: 50","timestamp":"2024-10-08T18:30:00.473Z"}
{"level":"info","message":"Processed recurring finance for userId: cm1yo7f340000ooquksxb8x1n, amount: 300","timestamp":"2024-10-08T18:30:00.485Z"}
{"level":"info","message":"Processed recurring finance for userId: cm1yo7f340000ooquksxb8x1n, amount: 15","timestamp":"2024-10-08T18:30:00.529Z"}
{"level":"info","message":"Processed recurring finance for userId: cm1yonp1y0001ooquicuqw192, amount: 900","timestamp":"2024-10-08T18:30:00.543Z"}
{"level":"info","message":"Processed recurring finance for userId: cm1yonp1y0001ooquicuqw192, amount: 500","timestamp":"2024-10-08T18:30:00.550Z"}
{"level":"info","message":"Processed recurring finance for userId: cm1yoocg10002ooquqfx8cjda, amount: 800","timestamp":"2024-10-08T18:30:00.566Z"}
{"level":"info","message":"Processed recurring finance for userId: cm20q6ilr000012o3e3qo8an8, amount: 346.95","timestamp":"2024-10-08T18:30:00.583Z"}
{"level":"info","message":"Processed recurring finance for userId: cm20q6ilr000012o3e3qo8an8, amount: 581.68","timestamp":"2024-10-08T18:30:00.599Z"}
{"level":"info","message":"Processed recurring finance for userId: cm20q6ilr000012o3e3qo8an8, amount: 1141.16","timestamp":"2024-10-08T18:30:00.613Z"}
{"level":"info","message":"Processed recurring finance for userId: cm20q6ilr000012o3e3qo8an8, amount: 1133.29","timestamp":"2024-10-08T18:30:00.633Z"}
{"level":"info","message":"Processed recurring finance for userId: cm20q6ilr000012o3e3qo8an8, amount: 2234","timestamp":"2024-10-08T18:30:00.644Z"}
{"level":"info","message":"Processed recurring finance for userId: cm20q6ilr000012o3e3qo8an8, amount: 1736.2","timestamp":"2024-10-08T18:30:00.658Z"}
{"level":"info","message":"Processed recurring finance for userId: cm20q6ilr000012o3e3qo8an8, amount: 903.04","timestamp":"2024-10-08T18:30:00.674Z"}
{"level":"info","message":"Processed recurring finance for userId: cm20q6ilr000012o3e3qo8an8, amount: 856.73","timestamp":"2024-10-08T18:30:00.738Z"}
{"level":"info","message":"Processed recurring finance for userId: cm20q6ilr000012o3e3qo8an8, amount: 1325.92","timestamp":"2024-10-08T18:30:00.763Z"}
{"level":"info","message":"Processed recurring finance for userId: cm20q6ilr000012o3e3qo8an8, amount: 523.17","timestamp":"2024-10-08T18:30:00.778Z"}
{"level":"info","message":"Processed recurring finance for userId: cm20q6ilr000012o3e3qo8an8, amount: 788.39","timestamp":"2024-10-08T18:30:00.795Z"}
{"level":"info","message":"Processed recurring finance for userId: cm20q6ilr000012o3e3qo8an8, amount: 803.97","timestamp":"2024-10-08T18:30:00.805Z"}
{"level":"info","message":"Processed recurring finance for userId: cm20q6ilr000012o3e3qo8an8, amount: 1879.19","timestamp":"2024-10-08T18:30:00.822Z"}
{"level":"info","message":"Processed recurring finance for userId: cm20q6ilr000012o3e3qo8an8, amount: 1445.09","timestamp":"2024-10-08T18:30:00.831Z"}
{"level":"info","message":"Processed recurring finance for userId: cm20q6ilr000012o3e3qo8an8, amount: 855.46","timestamp":"2024-10-08T18:30:00.842Z"}
{"level":"info","message":"Processed recurring finance for userId: cm20q6ilr000012o3e3qo8an8, amount: 1281.69","timestamp":"2024-10-08T18:30:00.855Z"}
{"level":"info","message":"Processed recurring finance for userId: cm20q6ilr000012o3e3qo8an8, amount: 2411.38","timestamp":"2024-10-08T18:30:00.864Z"}
{"level":"info","message":"Processed recurring finance for userId: cm20q6ilr000012o3e3qo8an8, amount: 2802.17","timestamp":"2024-10-08T18:30:00.879Z"}
{"level":"info","message":"Processed recurring finance for userId: cm20q6ilr000012o3e3qo8an8, amount: 1808.85","timestamp":"2024-10-08T18:30:00.898Z"}
{"level":"info","message":"Processed recurring finance for userId: cm20q6ilr000012o3e3qo8an8, amount: 1762.15","timestamp":"2024-10-08T18:30:00.908Z"}
{"level":"info","message":"Processed recurring finance for userId: cm20q6ilr000012o3e3qo8an8, amount: 2188.25","timestamp":"2024-10-08T18:30:00.926Z"}
{"level":"info","message":"Processed recurring finance for userId: cm20q6ilr000012o3e3qo8an8, amount: 507.25","timestamp":"2024-10-08T18:30:00.938Z"}
{"level":"info","message":"Processed recurring finance for userId: cm20q6ilr000012o3e3qo8an8, amount: 1584.02","timestamp":"2024-10-08T18:30:00.947Z"}
{"level":"info","message":"Processed recurring finance for userId: cm20q6ilr000012o3e3qo8an8, amount: 767.92","timestamp":"2024-10-08T18:30:00.966Z"}
{"level":"info","message":"Processed recurring finance for userId: cm20q6ilr000012o3e3qo8an8, amount: 2920.48","timestamp":"2024-10-08T18:30:00.982Z"}
{"level":"info","message":"Processed recurring finance for userId: cm20q6ilr000012o3e3qo8an8, amount: 2650.2","timestamp":"2024-10-08T18:30:00.995Z"}
{"level":"info","message":"Processed recurring finance for userId: cm20q6ilr000012o3e3qo8an8, amount: 1510.56","timestamp":"2024-10-08T18:30:01.008Z"}
{"level":"info","message":"Processed recurring finance for userId: cm20q6ilr000012o3e3qo8an8, amount: 1081.64","timestamp":"2024-10-08T18:30:01.016Z"}
{"level":"info","message":"Processed recurring finance for userId: cm20q6ilr000012o3e3qo8an8, amount: 478.91","timestamp":"2024-10-08T18:30:01.034Z"}
{"level":"info","message":"Processed recurring finance for userId: cm20q6ilr000012o3e3qo8an8, amount: 1130.01","timestamp":"2024-10-08T18:30:01.046Z"}
{"level":"info","message":"Processed recurring finance for userId: cm20q6ilr000012o3e3qo8an8, amount: 721.54","timestamp":"2024-10-08T18:30:01.055Z"}
{"level":"info","message":"Processed recurring finance for userId: cm20q6ilr000012o3e3qo8an8, amount: 874.17","timestamp":"2024-10-08T18:30:01.077Z"}
{"level":"info","message":"Processed recurring finance for userId: cm20q6ilr000012o3e3qo8an8, amount: 2646.87","timestamp":"2024-10-08T18:30:01.085Z"}
{"level":"info","message":"Processed recurring finance for userId: cm20q6ilr000012o3e3qo8an8, amount: 251.58","timestamp":"2024-10-08T18:30:01.097Z"}
{"level":"info","message":"Processed recurring finance for userId: cm20q6ilr000012o3e3qo8an8, amount: 1581.34","timestamp":"2024-10-08T18:30:01.110Z"}
{"level":"info","message":"Processed recurring finance for userId: cm20q6ilr000012o3e3qo8an8, amount: 1067.83","timestamp":"2024-10-08T18:30:01.121Z"}
{"level":"info","message":"Processed recurring finance for userId: cm20q6ilr000012o3e3qo8an8, amount: 888.92","timestamp":"2024-10-08T18:30:01.131Z"}
{"level":"info","message":"Processed recurring finance for userId: cm20q6ilr000012o3e3qo8an8, amount: 1502.5","timestamp":"2024-10-08T18:30:01.142Z"}
{"level":"info","message":"Processed recurring finance for userId: cm20q6ilr000012o3e3qo8an8, amount: 920.99","timestamp":"2024-10-08T18:30:01.151Z"}
{"level":"info","message":"Processed recurring finance for userId: cm20q6ilr000012o3e3qo8an8, amount: 1352.67","timestamp":"2024-10-08T18:30:01.162Z"}
{"level":"info","message":"Processed recurring finance for userId: cm1yo7f340000ooquksxb8x1n, amount: 50","timestamp":"2024-10-08T18:30:01.176Z"}
{"level":"info","message":"Processed recurring finance for userId: cm1yo7f340000ooquksxb8x1n, amount: 300","timestamp":"2024-10-08T18:30:01.184Z"}
{"level":"info","message":"Processed recurring finance for userId: cm1yo7f340000ooquksxb8x1n, amount: 15","timestamp":"2024-10-08T18:30:01.193Z"}
{"level":"info","message":"Processed recurring finance for userId: cm1yonp1y0001ooquicuqw192, amount: 900","timestamp":"2024-10-08T18:30:01.209Z"}
{"level":"info","message":"Processed recurring finance for userId: cm1yonp1y0001ooquicuqw192, amount: 500","timestamp":"2024-10-08T18:30:01.216Z"}
{"level":"info","message":"Processed recurring finance for userId: cm1yoocg10002ooquqfx8cjda, amount: 800","timestamp":"2024-10-08T18:30:01.226Z"}
{"level":"info","message":"Processed recurring finance for userId: cm20q6ilr000012o3e3qo8an8, amount: 346.95","timestamp":"2024-10-08T18:30:01.270Z"}
{"level":"info","message":"Processed recurring finance for userId: cm20q6ilr000012o3e3qo8an8, amount: 581.68","timestamp":"2024-10-08T18:30:01.312Z"}
{"level":"info","message":"Processed recurring finance for userId: cm20q6ilr000012o3e3qo8an8, amount: 1141.16","timestamp":"2024-10-08T18:30:01.338Z"}
{"level":"info","message":"Processed recurring finance for userId: cm20q6ilr000012o3e3qo8an8, amount: 1133.29","timestamp":"2024-10-08T18:30:01.398Z"}
{"level":"info","message":"Processed recurring finance for userId: cm20q6ilr000012o3e3qo8an8, amount: 2234","timestamp":"2024-10-08T18:30:01.433Z"}
{"level":"info","message":"Processed recurring finance for userId: cm20q6ilr000012o3e3qo8an8, amount: 1736.2","timestamp":"2024-10-08T18:30:01.491Z"}
{"level":"info","message":"Processed recurring finance for userId: cm20q6ilr000012o3e3qo8an8, amount: 903.04","timestamp":"2024-10-08T18:30:01.537Z"}
{"level":"info","message":"Processed recurring finance for userId: cm20q6ilr000012o3e3qo8an8, amount: 856.73","timestamp":"2024-10-08T18:30:01.562Z"}
{"level":"info","message":"Processed recurring finance for userId: cm20q6ilr000012o3e3qo8an8, amount: 1325.92","timestamp":"2024-10-08T18:30:01.634Z"}
{"level":"info","message":"Processed recurring finance for userId: cm20q6ilr000012o3e3qo8an8, amount: 523.17","timestamp":"2024-10-08T18:30:01.646Z"}
{"level":"info","message":"Processed recurring finance for userId: cm20q6ilr000012o3e3qo8an8, amount: 788.39","timestamp":"2024-10-08T18:30:01.665Z"}
{"level":"info","message":"Processed recurring finance for userId: cm20q6ilr000012o3e3qo8an8, amount: 803.97","timestamp":"2024-10-08T18:30:01.679Z"}
{"level":"info","message":"Processed recurring finance for userId: cm20q6ilr000012o3e3qo8an8, amount: 1879.19","timestamp":"2024-10-08T18:30:01.689Z"}
{"level":"info","message":"Processed recurring finance for userId: cm20q6ilr000012o3e3qo8an8, amount: 1445.09","timestamp":"2024-10-08T18:30:01.717Z"}
{"level":"info","message":"Processed recurring finance for userId: cm20q6ilr000012o3e3qo8an8, amount: 855.46","timestamp":"2024-10-08T18:30:01.754Z"}
{"level":"info","message":"Processed recurring finance for userId: cm20q6ilr000012o3e3qo8an8, amount: 1281.69","timestamp":"2024-10-08T18:30:01.803Z"}
{"level":"info","message":"Processed recurring finance for userId: cm20q6ilr000012o3e3qo8an8, amount: 2411.38","timestamp":"2024-10-08T18:30:01.813Z"}
{"level":"info","message":"Processed recurring finance for userId: cm20q6ilr000012o3e3qo8an8, amount: 2802.17","timestamp":"2024-10-08T18:30:01.824Z"}
{"level":"info","message":"Processed recurring finance for userId: cm20q6ilr000012o3e3qo8an8, amount: 1808.85","timestamp":"2024-10-08T18:30:01.839Z"}
{"level":"info","message":"Processed recurring finance for userId: cm20q6ilr000012o3e3qo8an8, amount: 1762.15","timestamp":"2024-10-08T18:30:01.849Z"}
{"level":"info","message":"Processed recurring finance for userId: cm20q6ilr000012o3e3qo8an8, amount: 2188.25","timestamp":"2024-10-08T18:30:01.864Z"}
{"level":"info","message":"Processed recurring finance for userId: cm20q6ilr000012o3e3qo8an8, amount: 507.25","timestamp":"2024-10-08T18:30:01.875Z"}
{"level":"info","message":"Processed recurring finance for userId: cm20q6ilr000012o3e3qo8an8, amount: 1584.02","timestamp":"2024-10-08T18:30:01.883Z"}
{"level":"info","message":"Processed recurring finance for userId: cm20q6ilr000012o3e3qo8an8, amount: 767.92","timestamp":"2024-10-08T18:30:01.894Z"}
{"level":"info","message":"Processed recurring finance for userId: cm20q6ilr000012o3e3qo8an8, amount: 2920.48","timestamp":"2024-10-08T18:30:01.909Z"}
{"level":"info","message":"Processed recurring finance for userId: cm20q6ilr000012o3e3qo8an8, amount: 2650.2","timestamp":"2024-10-08T18:30:01.925Z"}
{"level":"info","message":"Processed recurring finance for userId: cm20q6ilr000012o3e3qo8an8, amount: 1510.56","timestamp":"2024-10-08T18:30:01.933Z"}
{"level":"info","message":"Processed recurring finance for userId: cm20q6ilr000012o3e3qo8an8, amount: 1081.64","timestamp":"2024-10-08T18:30:01.946Z"}
{"level":"info","message":"Processed recurring finance for userId: cm20q6ilr000012o3e3qo8an8, amount: 478.91","timestamp":"2024-10-08T18:30:01.963Z"}
{"level":"info","message":"Processed recurring finance for userId: cm20q6ilr000012o3e3qo8an8, amount: 1130.01","timestamp":"2024-10-08T18:30:01.974Z"}
{"level":"info","message":"Processed recurring finance for userId: cm20q6ilr000012o3e3qo8an8, amount: 721.54","timestamp":"2024-10-08T18:30:01.983Z"}
{"level":"info","message":"Processed recurring finance for userId: cm20q6ilr000012o3e3qo8an8, amount: 874.17","timestamp":"2024-10-08T18:30:02.003Z"}
{"level":"info","message":"Processed recurring finance for userId: cm20q6ilr000012o3e3qo8an8, amount: 2646.87","timestamp":"2024-10-08T18:30:02.015Z"}
{"level":"info","message":"Processed recurring finance for userId: cm20q6ilr000012o3e3qo8an8, amount: 251.58","timestamp":"2024-10-08T18:30:02.033Z"}
{"level":"info","message":"Processed recurring finance for userId: cm20q6ilr000012o3e3qo8an8, amount: 1581.34","timestamp":"2024-10-08T18:30:02.055Z"}
{"level":"info","message":"Processed recurring finance for userId: cm20q6ilr000012o3e3qo8an8, amount: 1067.83","timestamp":"2024-10-08T18:30:02.114Z"}
{"level":"info","message":"Processed recurring finance for userId: cm20q6ilr000012o3e3qo8an8, amount: 888.92","timestamp":"2024-10-08T18:30:02.193Z"}
{"level":"info","message":"Processed recurring finance for userId: cm20q6ilr000012o3e3qo8an8, amount: 1502.5","timestamp":"2024-10-08T18:30:02.214Z"}
{"level":"info","message":"Processed recurring finance for userId: cm20q6ilr000012o3e3qo8an8, amount: 920.99","timestamp":"2024-10-08T18:30:02.248Z"}
{"level":"info","message":"Processed recurring finance for userId: cm20q6ilr000012o3e3qo8an8, amount: 1352.67","timestamp":"2024-10-08T18:30:02.271Z"}
{"level":"info","message":"Processed recurring finance for userId: cm1yo7f340000ooquksxb8x1n, amount: 50","timestamp":"2024-10-08T18:30:02.314Z"}
{"level":"info","message":"Processed recurring finance for userId: cm1yo7f340000ooquksxb8x1n, amount: 300","timestamp":"2024-10-08T18:30:02.339Z"}
{"level":"info","message":"Processed recurring finance for userId: cm1yo7f340000ooquksxb8x1n, amount: 15","timestamp":"2024-10-08T18:30:02.378Z"}
{"level":"info","message":"Processed recurring finance for userId: cm1yonp1y0001ooquicuqw192, amount: 900","timestamp":"2024-10-08T18:30:02.395Z"}
{"level":"info","message":"Processed recurring finance for userId: cm1yonp1y0001ooquicuqw192, amount: 500","timestamp":"2024-10-08T18:30:02.411Z"}
{"level":"info","message":"Processed recurring finance for userId: cm1yoocg10002ooquqfx8cjda, amount: 800","timestamp":"2024-10-08T18:30:02.425Z"}
{"level":"info","message":"Processed recurring finance for userId: cm20q6ilr000012o3e3qo8an8, amount: 346.95","timestamp":"2024-10-08T18:30:02.433Z"}
{"level":"info","message":"Processed recurring finance for userId: cm20q6ilr000012o3e3qo8an8, amount: 581.68","timestamp":"2024-10-08T18:30:02.449Z"}
{"level":"info","message":"Processed recurring finance for userId: cm20q6ilr000012o3e3qo8an8, amount: 1141.16","timestamp":"2024-10-08T18:30:02.467Z"}
{"level":"info","message":"Processed recurring finance for userId: cm20q6ilr000012o3e3qo8an8, amount: 1133.29","timestamp":"2024-10-08T18:30:02.481Z"}
{"level":"info","message":"Processed recurring finance for userId: cm20q6ilr000012o3e3qo8an8, amount: 2234","timestamp":"2024-10-08T18:30:02.495Z"}
{"level":"info","message":"Processed recurring finance for userId: cm20q6ilr000012o3e3qo8an8, amount: 1736.2","timestamp":"2024-10-08T18:30:02.513Z"}
{"level":"info","message":"Processed recurring finance for userId: cm20q6ilr000012o3e3qo8an8, amount: 903.04","timestamp":"2024-10-08T18:30:02.525Z"}
{"level":"info","message":"Processed recurring finance for userId: cm20q6ilr000012o3e3qo8an8, amount: 856.73","timestamp":"2024-10-08T18:30:02.541Z"}
{"level":"info","message":"Processed recurring finance for userId: cm20q6ilr000012o3e3qo8an8, amount: 1325.92","timestamp":"2024-10-08T18:30:02.550Z"}
{"level":"info","message":"Processed recurring finance for userId: cm20q6ilr000012o3e3qo8an8, amount: 523.17","timestamp":"2024-10-08T18:30:02.571Z"}
{"level":"info","message":"Processed recurring finance for userId: cm20q6ilr000012o3e3qo8an8, amount: 788.39","timestamp":"2024-10-08T18:30:02.583Z"}
{"level":"info","message":"Processed recurring finance for userId: cm20q6ilr000012o3e3qo8an8, amount: 803.97","timestamp":"2024-10-08T18:30:02.600Z"}
{"level":"info","message":"Processed recurring finance for userId: cm20q6ilr000012o3e3qo8an8, amount: 1879.19","timestamp":"2024-10-08T18:30:02.614Z"}
{"level":"info","message":"Processed recurring finance for userId: cm20q6ilr000012o3e3qo8an8, amount: 1445.09","timestamp":"2024-10-08T18:30:02.631Z"}
{"level":"info","message":"Processed recurring finance for userId: cm20q6ilr000012o3e3qo8an8, amount: 855.46","timestamp":"2024-10-08T18:30:02.644Z"}
{"level":"info","message":"Processed recurring finance for userId: cm20q6ilr000012o3e3qo8an8, amount: 1281.69","timestamp":"2024-10-08T18:30:02.658Z"}
{"level":"info","message":"Processed recurring finance for userId: cm20q6ilr000012o3e3qo8an8, amount: 2411.38","timestamp":"2024-10-08T18:30:02.671Z"}
{"level":"info","message":"Processed recurring finance for userId: cm20q6ilr000012o3e3qo8an8, amount: 2802.17","timestamp":"2024-10-08T18:30:02.680Z"}
{"level":"info","message":"Processed recurring finance for userId: cm20q6ilr000012o3e3qo8an8, amount: 1808.85","timestamp":"2024-10-08T18:30:02.696Z"}
{"level":"info","message":"Processed recurring finance for userId: cm20q6ilr000012o3e3qo8an8, amount: 1762.15","timestamp":"2024-10-08T18:30:02.708Z"}
{"level":"info","message":"Processed recurring finance for userId: cm20q6ilr000012o3e3qo8an8, amount: 2188.25","timestamp":"2024-10-08T18:30:02.722Z"}
{"level":"info","message":"Processed recurring finance for userId: cm20q6ilr000012o3e3qo8an8, amount: 507.25","timestamp":"2024-10-08T18:30:02.730Z"}
{"level":"info","message":"Processed recurring finance for userId: cm20q6ilr000012o3e3qo8an8, amount: 1584.02","timestamp":"2024-10-08T18:30:02.749Z"}
{"level":"info","message":"Processed recurring finance for userId: cm20q6ilr000012o3e3qo8an8, amount: 767.92","timestamp":"2024-10-08T18:30:02.759Z"}
{"level":"info","message":"Processed recurring finance for userId: cm20q6ilr000012o3e3qo8an8, amount: 2920.48","timestamp":"2024-10-08T18:30:02.769Z"}
{"level":"info","message":"Processed recurring finance for userId: cm20q6ilr000012o3e3qo8an8, amount: 2650.2","timestamp":"2024-10-08T18:30:02.788Z"}
{"level":"info","message":"Processed recurring finance for userId: cm20q6ilr000012o3e3qo8an8, amount: 1510.56","timestamp":"2024-10-08T18:30:02.796Z"}
{"level":"info","message":"Processed recurring finance for userId: cm20q6ilr000012o3e3qo8an8, amount: 1081.64","timestamp":"2024-10-08T18:30:02.807Z"}
{"level":"info","message":"Processed recurring finance for userId: cm20q6ilr000012o3e3qo8an8, amount: 478.91","timestamp":"2024-10-08T18:30:02.820Z"}
{"level":"info","message":"Processed recurring finance for userId: cm20q6ilr000012o3e3qo8an8, amount: 1130.01","timestamp":"2024-10-08T18:30:02.828Z"}
{"level":"info","message":"Processed recurring finance for userId: cm20q6ilr000012o3e3qo8an8, amount: 721.54","timestamp":"2024-10-08T18:30:02.837Z"}
{"level":"info","message":"Processed recurring finance for userId: cm20q6ilr000012o3e3qo8an8, amount: 874.17","timestamp":"2024-10-08T18:30:02.853Z"}
{"level":"info","message":"Processed recurring finance for userId: cm20q6ilr000012o3e3qo8an8, amount: 2646.87","timestamp":"2024-10-08T18:30:02.861Z"}
{"level":"info","message":"Processed recurring finance for userId: cm20q6ilr000012o3e3qo8an8, amount: 251.58","timestamp":"2024-10-08T18:30:02.875Z"}
{"level":"info","message":"Processed recurring finance for userId: cm20q6ilr000012o3e3qo8an8, amount: 1581.34","timestamp":"2024-10-08T18:30:02.889Z"}
{"level":"info","message":"Processed recurring finance for userId: cm20q6ilr000012o3e3qo8an8, amount: 1067.83","timestamp":"2024-10-08T18:30:02.900Z"}
{"level":"info","message":"Processed recurring finance for userId: cm20q6ilr000012o3e3qo8an8, amount: 888.92","timestamp":"2024-10-08T18:30:02.911Z"}
{"level":"info","message":"Processed recurring finance for userId: cm20q6ilr000012o3e3qo8an8, amount: 1502.5","timestamp":"2024-10-08T18:30:02.921Z"}
{"level":"info","message":"Processed recurring finance for userId: cm20q6ilr000012o3e3qo8an8, amount: 920.99","timestamp":"2024-10-08T18:30:02.929Z"}
{"level":"info","message":"Processed recurring finance for userId: cm20q6ilr000012o3e3qo8an8, amount: 1352.67","timestamp":"2024-10-08T18:30:02.944Z"}
{"level":"info","message":"Processed recurring finance for userId: cm1yo7f340000ooquksxb8x1n, amount: 50","timestamp":"2024-10-08T18:30:02.955Z"}
{"level":"info","message":"Processed recurring finance for userId: cm1yo7f340000ooquksxb8x1n, amount: 300","timestamp":"2024-10-08T18:30:02.962Z"}
{"level":"info","message":"Processed recurring finance for userId: cm1yo7f340000ooquksxb8x1n, amount: 15","timestamp":"2024-10-08T18:30:02.977Z"}
{"level":"info","message":"Processed recurring finance for userId: cm1yonp1y0001ooquicuqw192, amount: 900","timestamp":"2024-10-08T18:30:02.994Z"}
{"level":"info","message":"Processed recurring finance for userId: cm1yonp1y0001ooquicuqw192, amount: 500","timestamp":"2024-10-08T18:30:03.009Z"}
{"level":"info","message":"Processed recurring finance for userId: cm1yoocg10002ooquqfx8cjda, amount: 800","timestamp":"2024-10-08T18:30:03.019Z"}
{"level":"info","message":"Processed recurring finance for userId: cm20q6ilr000012o3e3qo8an8, amount: 346.95","timestamp":"2024-10-08T18:30:03.035Z"}
{"level":"info","message":"Processed recurring finance for userId: cm20q6ilr000012o3e3qo8an8, amount: 581.68","timestamp":"2024-10-08T18:30:03.045Z"}
{"level":"info","message":"Processed recurring finance for userId: cm20q6ilr000012o3e3qo8an8, amount: 1141.16","timestamp":"2024-10-08T18:30:03.057Z"}
{"level":"info","message":"Processed recurring finance for userId: cm20q6ilr000012o3e3qo8an8, amount: 1133.29","timestamp":"2024-10-08T18:30:03.081Z"}
{"level":"info","message":"Processed recurring finance for userId: cm20q6ilr000012o3e3qo8an8, amount: 2234","timestamp":"2024-10-08T18:30:03.098Z"}
{"level":"info","message":"Processed recurring finance for userId: cm20q6ilr000012o3e3qo8an8, amount: 1736.2","timestamp":"2024-10-08T18:30:03.110Z"}
{"level":"info","message":"Processed recurring finance for userId: cm20q6ilr000012o3e3qo8an8, amount: 903.04","timestamp":"2024-10-08T18:30:03.118Z"}
{"level":"info","message":"Processed recurring finance for userId: cm20q6ilr000012o3e3qo8an8, amount: 856.73","timestamp":"2024-10-08T18:30:03.135Z"}
{"level":"info","message":"Processed recurring finance for userId: cm20q6ilr000012o3e3qo8an8, amount: 1325.92","timestamp":"2024-10-08T18:30:03.143Z"}
{"level":"info","message":"Processed recurring finance for userId: cm20q6ilr000012o3e3qo8an8, amount: 523.17","timestamp":"2024-10-08T18:30:03.153Z"}
{"level":"info","message":"Processed recurring finance for userId: cm20q6ilr000012o3e3qo8an8, amount: 788.39","timestamp":"2024-10-08T18:30:03.170Z"}
{"level":"info","message":"Processed recurring finance for userId: cm20q6ilr000012o3e3qo8an8, amount: 803.97","timestamp":"2024-10-08T18:30:03.185Z"}
{"level":"info","message":"Processed recurring finance for userId: cm20q6ilr000012o3e3qo8an8, amount: 1879.19","timestamp":"2024-10-08T18:30:03.198Z"}
{"level":"info","message":"Processed recurring finance for userId: cm20q6ilr000012o3e3qo8an8, amount: 1445.09","timestamp":"2024-10-08T18:30:03.215Z"}
{"level":"info","message":"Processed recurring finance for userId: cm20q6ilr000012o3e3qo8an8, amount: 855.46","timestamp":"2024-10-08T18:30:03.230Z"}
{"level":"info","message":"Processed recurring finance for userId: cm20q6ilr000012o3e3qo8an8, amount: 1281.69","timestamp":"2024-10-08T18:30:03.242Z"}
{"level":"info","message":"Processed recurring finance for userId: cm20q6ilr000012o3e3qo8an8, amount: 2411.38","timestamp":"2024-10-08T18:30:03.266Z"}
{"level":"info","message":"Processed recurring finance for userId: cm20q6ilr000012o3e3qo8an8, amount: 2802.17","timestamp":"2024-10-08T18:30:03.289Z"}
{"level":"info","message":"Processed recurring finance for userId: cm20q6ilr000012o3e3qo8an8, amount: 1808.85","timestamp":"2024-10-08T18:30:03.299Z"}
{"level":"info","message":"Processed recurring finance for userId: cm20q6ilr000012o3e3qo8an8, amount: 1762.15","timestamp":"2024-10-08T18:30:03.315Z"}
{"level":"info","message":"Processed recurring finance for userId: cm20q6ilr000012o3e3qo8an8, amount: 2188.25","timestamp":"2024-10-08T18:30:03.327Z"}
{"level":"info","message":"Processed recurring finance for userId: cm20q6ilr000012o3e3qo8an8, amount: 507.25","timestamp":"2024-10-08T18:30:03.337Z"}
{"level":"info","message":"Processed recurring finance for userId: cm20q6ilr000012o3e3qo8an8, amount: 1584.02","timestamp":"2024-10-08T18:30:03.349Z"}
{"level":"info","message":"Processed recurring finance for userId: cm20q6ilr000012o3e3qo8an8, amount: 767.92","timestamp":"2024-10-08T18:30:03.369Z"}
{"level":"info","message":"Processed recurring finance for userId: cm20q6ilr000012o3e3qo8an8, amount: 2920.48","timestamp":"2024-10-08T18:30:03.377Z"}
{"level":"info","message":"Processed recurring finance for userId: cm20q6ilr000012o3e3qo8an8, amount: 2650.2","timestamp":"2024-10-08T18:30:03.391Z"}
{"level":"info","message":"Processed recurring finance for userId: cm20q6ilr000012o3e3qo8an8, amount: 1510.56","timestamp":"2024-10-08T18:30:03.404Z"}
{"level":"info","message":"Processed recurring finance for userId: cm20q6ilr000012o3e3qo8an8, amount: 1081.64","timestamp":"2024-10-08T18:30:03.420Z"}
{"level":"info","message":"Processed recurring finance for userId: cm20q6ilr000012o3e3qo8an8, amount: 478.91","timestamp":"2024-10-08T18:30:03.429Z"}
{"level":"info","message":"Processed recurring finance for userId: cm20q6ilr000012o3e3qo8an8, amount: 1130.01","timestamp":"2024-10-08T18:30:03.438Z"}
{"level":"info","message":"Processed recurring finance for userId: cm20q6ilr000012o3e3qo8an8, amount: 721.54","timestamp":"2024-10-08T18:30:03.458Z"}
{"level":"info","message":"Processed recurring finance for userId: cm20q6ilr000012o3e3qo8an8, amount: 874.17","timestamp":"2024-10-08T18:30:03.470Z"}
{"level":"info","message":"Processed recurring finance for userId: cm20q6ilr000012o3e3qo8an8, amount: 2646.87","timestamp":"2024-10-08T18:30:03.488Z"}
{"level":"info","message":"Processed recurring finance for userId: cm20q6ilr000012o3e3qo8an8, amount: 251.58","timestamp":"2024-10-08T18:30:03.509Z"}
{"level":"info","message":"Processed recurring finance for userId: cm20q6ilr000012o3e3qo8an8, amount: 1581.34","timestamp":"2024-10-08T18:30:03.523Z"}
{"level":"info","message":"Processed recurring finance for userId: cm20q6ilr000012o3e3qo8an8, amount: 1067.83","timestamp":"2024-10-08T18:30:03.542Z"}
{"level":"info","message":"Processed recurring finance for userId: cm20q6ilr000012o3e3qo8an8, amount: 888.92","timestamp":"2024-10-08T18:30:03.554Z"}
{"level":"info","message":"Processed recurring finance for userId: cm20q6ilr000012o3e3qo8an8, amount: 1502.5","timestamp":"2024-10-08T18:30:03.568Z"}
{"level":"info","message":"Processed recurring finance for userId: cm20q6ilr000012o3e3qo8an8, amount: 920.99","timestamp":"2024-10-08T18:30:03.588Z"}
{"level":"info","message":"Processed recurring finance for userId: cm20q6ilr000012o3e3qo8an8, amount: 1352.67","timestamp":"2024-10-08T18:30:03.603Z"}
{"level":"info","message":"All recurring finances processed successfully","timestamp":"2024-10-08T18:30:03.607Z"}
